[31-Dec-2025 11:28:45 UTC] PHP Warning:  unlink(/home/v9dpxaww9e85/public_html/storage/logs/laravel-2025-12-26.log): No such file or directory in /home/v9dpxaww9e85/public_html/vendor/monolog/monolog/src/Monolog/Handler/RotatingFileHandler.php on line 156
[02-Jan-2026 01:58:37 UTC] PHP Parse error:  Unclosed '[' on line 3 in /home/v9dpxaww9e85/public_html/lang/fa_IR/global.php on line 1031
[02-Jan-2026 01:58:41 UTC] PHP Parse error:  Unclosed '[' on line 3 in /home/v9dpxaww9e85/public_html/lang/fa_IR/global.php on line 1031
[02-Jan-2026 01:58:42 UTC] PHP Parse error:  Unclosed '[' on line 3 in /home/v9dpxaww9e85/public_html/lang/fa_IR/global.php on line 1031
[02-Jan-2026 01:58:42 UTC] PHP Parse error:  Unclosed '[' on line 3 in /home/v9dpxaww9e85/public_html/lang/fa_IR/global.php on line 1031
[02-Jan-2026 01:58:44 UTC] PHP Parse error:  Unclosed '[' on line 3 in /home/v9dpxaww9e85/public_html/lang/fa_IR/global.php on line 1031
[02-Jan-2026 01:58:46 UTC] PHP Parse error:  Unclosed '[' on line 3 in /home/v9dpxaww9e85/public_html/lang/fa_IR/global.php on line 1031
[02-Jan-2026 01:58:48 UTC] PHP Parse error:  Unclosed '[' on line 3 in /home/v9dpxaww9e85/public_html/lang/fa_IR/global.php on line 1031
[02-Jan-2026 01:58:52 UTC] PHP Parse error:  Unclosed '[' on line 3 in /home/v9dpxaww9e85/public_html/lang/fa_IR/global.php on line 1031
[02-Jan-2026 01:58:56 UTC] PHP Parse error:  Unclosed '[' on line 3 in /home/v9dpxaww9e85/public_html/lang/fa_IR/global.php on line 1031
[02-Jan-2026 01:58:57 UTC] PHP Parse error:  Unclosed '[' on line 3 in /home/v9dpxaww9e85/public_html/lang/fa_IR/global.php on line 1031
[02-Jan-2026 21:52:39 UTC] PHP Fatal error:  Cannot use empty array elements in arrays in /home/v9dpxaww9e85/public_html/lang/fa_IR/admin.php on line 28
[02-Jan-2026 21:52:51 UTC] PHP Fatal error:  Cannot use empty array elements in arrays in /home/v9dpxaww9e85/public_html/lang/fa_IR/admin.php on line 28
[02-Jan-2026 21:53:06 UTC] PHP Fatal error:  Cannot use empty array elements in arrays in /home/v9dpxaww9e85/public_html/lang/fa_IR/admin.php on line 28
[15-Feb-2026 22:54:35 UTC] PHP Fatal error:  During class fetch: Uncaught ErrorException: include(/home/v9dpxaww9e85/public_html/vendor/composer/../../app/Enums/EnumToArray.php): Failed to open stream: No such file or directory in /home/v9dpxaww9e85/public_html/vendor/composer/ClassLoader.php:576
Stack trace:
#0 /home/v9dpxaww9e85/public_html/vendor/laravel/framework/src/Illuminate/Foundation/Bootstrap/HandleExceptions.php(256): Illuminate\Foundation\Bootstrap\HandleExceptions->handleError()
#1 /home/v9dpxaww9e85/public_html/vendor/composer/ClassLoader.php(576): Illuminate\Foundation\Bootstrap\HandleExceptions->Illuminate\Foundation\Bootstrap\{closure}()
#2 /home/v9dpxaww9e85/public_html/vendor/composer/ClassLoader.php(576): include('/home/v9dpxaww9...')
#3 /home/v9dpxaww9e85/public_html/vendor/composer/ClassLoader.php(427): Composer\Autoload\{closure}()
#4 /home/v9dpxaww9e85/public_html/app/Services/Auth/App/Helpers/SocialLogin/SocialLoginButton.php(21): Composer\Autoload\ClassLoader->loadClass()
#5 /home/v9dpxaww9e85/public_html/vendor/composer/ClassLoader.php(576): include('/home/v9dpxaww9...')
#6 /home/v9dpxaww9e85/public_html/vendor/composer/ClassLoader.php(427): Composer\Autoload\{closure}()
#7 /home/v9dpxaww9e85/public_html/app/Models/Setting/SocialAuthSetting.php(41): Composer\Autoload\ClassLoader->loadClass()
#8 /home/v9dpxaww9e85/public_html/app/Models/Setting.php(230): App\Models\Setting\SocialAuthSetting::getValues()
#9 /home/v9dpxaww9e85/public_html/app/Models/Setting.php(205): App\Models\Setting->getValue()
#10 [internal function]: App\Models\Setting->App\Models\{closure}()
#11 /home/v9dpxaww9e85/public_html/vendor/laravel/framework/src/Illuminate/Database/Eloquent/Concerns/HasAttributes.php(730): call_user_func()
#12 /home/v9dpxaww9e85/public_html/vendor/laravel/framework/src/Illuminate/Database/Eloquent/Concerns/HasAttributes.php(2322): Illuminate\Database\Eloquent\Model->mutateAttributeMarkedAttribute()
#13 /home/v9dpxaww9e85/public_html/vendor/laravel/framework/src/Illuminate/Database/Eloquent/Concerns/HasAttributes.php(528): Illuminate\Database\Eloquent\Model->transformModelValue()
#14 /home/v9dpxaww9e85/public_html/vendor/laravel/framework/src/Illuminate/Database/Eloquent/Concerns/HasAttributes.php(482): Illuminate\Database\Eloquent\Model->getAttributeValue()
#15 /home/v9dpxaww9e85/public_html/vendor/laravel/framework/src/Illuminate/Database/Eloquent/Model.php(2405): Illuminate\Database\Eloquent\Model->getAttribute()
#16 /home/v9dpxaww9e85/public_html/app/Providers/AppService/ConfigTrait.php(127): Illuminate\Database\Eloquent\Model->__get()
#17 /home/v9dpxaww9e85/public_html/app/Providers/AppService/ConfigTrait.php(44): App\Providers\AppServiceProvider->createConfigForSettings()
#18 /home/v9dpxaww9e85/public_html/app/Providers/AppServiceProvider.php(83): App\Providers\AppServiceProvider->setupConfigs()
#19 /home/v9dpxaww9e85/public_html/vendor/laravel/framework/src/Illuminate/Container/BoundMethod.php(36): App\Providers\AppServiceProvider->boot()
#20 /home/v9dpxaww9e85/public_html/vendor/laravel/framework/src/Illuminate/Container/Util.php(43): Illuminate\Container\BoundMethod::Illuminate\Container\{closure}()
#21 /home/v9dpxaww9e85/public_html/vendor/laravel/framework/src/Illuminate/Container/BoundMethod.php(96): Illuminate\Container\Util::unwrapIfClosure()
#22 /home/v9dpxaww9e85/public_html/vendor/laravel/framework/src/Illuminate/Container/BoundMethod.php(35): Illuminate\Container\BoundMethod::callBoundMethod()
#23 /home/v9dpxaww9e85/public_html/vendor/laravel/framework/src/Illuminate/Container/Container.php(754): Illuminate\Container\BoundMethod::call()
#24 /home/v9dpxaww9e85/public_html/vendor/laravel/framework/src/Illuminate/Foundation/Application.php(1150): Illuminate\Container\Container->call()
#25 /home/v9dpxaww9e85/public_html/vendor/laravel/framework/src/Illuminate/Foundation/Application.php(1131): Illuminate\Foundation\Application->bootProvider()
#26 [internal function]: Illuminate\Foundation\Application->Illuminate\Foundation\{closure}()
#27 /home/v9dpxaww9e85/public_html/vendor/laravel/framework/src/Illuminate/Foundation/Application.php(1130): array_walk()
#28 /home/v9dpxaww9e85/public_html/vendor/laravel/framework/src/Illuminate/Foundation/Bootstrap/BootProviders.php(17): Illuminate\Foundation\Application->boot()
#29 /home/v9dpxaww9e85/public_html/vendor/laravel/framework/src/Illuminate/Foundation/Application.php(341): Illuminate\Foundation\Bootstrap\BootProviders->bootstrap()
#30 /home/v9dpxaww9e85/public_html/vendor/laravel/framework/src/Illuminate/Foundation/Http/Kernel.php(186): Illuminate\Foundation\Application->bootstrapWith()
#31 /home/v9dpxaww9e85/public_html/vendor/laravel/framework/src/Illuminate/Foundation/Http/Kernel.php(170): Illuminate\Foundation\Http\Kernel->bootstrap()
#32 /home/v9dpxaww9e85/public_html/vendor/laravel/framework/src/Illuminate/Foundation/Http/Kernel.php(144): Illuminate\Foundation\Http\Kernel->sendRequestThroughRouter()
#33 /home/v9dpxaww9e85/public_html/vendor/laravel/framework/src/Illuminate/Foundation/Application.php(1219): Illuminate\Foundation\Http\Kernel->handle()
#34 /home/v9dpxaww9e85/public_html/public/main.php(16): Illuminate\Foundation\Application->handleRequest()
#35 /home/v9dpxaww9e85/public_html/public/index.php(74): require('/home/v9dpxaww9...')
#36 {main} in /home/v9dpxaww9e85/public_html/app/Services/Auth/App/Helpers/SocialLogin/SocialLoginButton.php on line 21
[15-Feb-2026 22:54:37 UTC] PHP Fatal error:  During class fetch: Uncaught ErrorException: include(/home/v9dpxaww9e85/public_html/vendor/composer/../../app/Enums/EnumToArray.php): Failed to open stream: No such file or directory in /home/v9dpxaww9e85/public_html/vendor/composer/ClassLoader.php:576
Stack trace:
#0 /home/v9dpxaww9e85/public_html/vendor/laravel/framework/src/Illuminate/Foundation/Bootstrap/HandleExceptions.php(256): Illuminate\Foundation\Bootstrap\HandleExceptions->handleError()
#1 /home/v9dpxaww9e85/public_html/vendor/composer/ClassLoader.php(576): Illuminate\Foundation\Bootstrap\HandleExceptions->Illuminate\Foundation\Bootstrap\{closure}()
#2 /home/v9dpxaww9e85/public_html/vendor/composer/ClassLoader.php(576): include('/home/v9dpxaww9...')
#3 /home/v9dpxaww9e85/public_html/vendor/composer/ClassLoader.php(427): Composer\Autoload\{closure}()
#4 /home/v9dpxaww9e85/public_html/app/Services/Auth/App/Helpers/SocialLogin/SocialLoginButton.php(21): Composer\Autoload\ClassLoader->loadClass()
#5 /home/v9dpxaww9e85/public_html/vendor/composer/ClassLoader.php(576): include('/home/v9dpxaww9...')
#6 /home/v9dpxaww9e85/public_html/vendor/composer/ClassLoader.php(427): Composer\Autoload\{closure}()
#7 /home/v9dpxaww9e85/public_html/app/Models/Setting/SocialAuthSetting.php(41): Composer\Autoload\ClassLoader->loadClass()
#8 /home/v9dpxaww9e85/public_html/app/Models/Setting.php(230): App\Models\Setting\SocialAuthSetting::getValues()
#9 /home/v9dpxaww9e85/public_html/app/Models/Setting.php(205): App\Models\Setting->getValue()
#10 [internal function]: App\Models\Setting->App\Models\{closure}()
#11 /home/v9dpxaww9e85/public_html/vendor/laravel/framework/src/Illuminate/Database/Eloquent/Concerns/HasAttributes.php(730): call_user_func()
#12 /home/v9dpxaww9e85/public_html/vendor/laravel/framework/src/Illuminate/Database/Eloquent/Concerns/HasAttributes.php(2322): Illuminate\Database\Eloquent\Model->mutateAttributeMarkedAttribute()
#13 /home/v9dpxaww9e85/public_html/vendor/laravel/framework/src/Illuminate/Database/Eloquent/Concerns/HasAttributes.php(528): Illuminate\Database\Eloquent\Model->transformModelValue()
#14 /home/v9dpxaww9e85/public_html/vendor/laravel/framework/src/Illuminate/Database/Eloquent/Concerns/HasAttributes.php(482): Illuminate\Database\Eloquent\Model->getAttributeValue()
#15 /home/v9dpxaww9e85/public_html/vendor/laravel/framework/src/Illuminate/Database/Eloquent/Model.php(2405): Illuminate\Database\Eloquent\Model->getAttribute()
#16 /home/v9dpxaww9e85/public_html/app/Providers/AppService/ConfigTrait.php(127): Illuminate\Database\Eloquent\Model->__get()
#17 /home/v9dpxaww9e85/public_html/app/Providers/AppService/ConfigTrait.php(44): App\Providers\AppServiceProvider->createConfigForSettings()
#18 /home/v9dpxaww9e85/public_html/app/Providers/AppServiceProvider.php(83): App\Providers\AppServiceProvider->setupConfigs()
#19 /home/v9dpxaww9e85/public_html/vendor/laravel/framework/src/Illuminate/Container/BoundMethod.php(36): App\Providers\AppServiceProvider->boot()
#20 /home/v9dpxaww9e85/public_html/vendor/laravel/framework/src/Illuminate/Container/Util.php(43): Illuminate\Container\BoundMethod::Illuminate\Container\{closure}()
#21 /home/v9dpxaww9e85/public_html/vendor/laravel/framework/src/Illuminate/Container/BoundMethod.php(96): Illuminate\Container\Util::unwrapIfClosure()
#22 /home/v9dpxaww9e85/public_html/vendor/laravel/framework/src/Illuminate/Container/BoundMethod.php(35): Illuminate\Container\BoundMethod::callBoundMethod()
#23 /home/v9dpxaww9e85/public_html/vendor/laravel/framework/src/Illuminate/Container/Container.php(754): Illuminate\Container\BoundMethod::call()
#24 /home/v9dpxaww9e85/public_html/vendor/laravel/framework/src/Illuminate/Foundation/Application.php(1150): Illuminate\Container\Container->call()
#25 /home/v9dpxaww9e85/public_html/vendor/laravel/framework/src/Illuminate/Foundation/Application.php(1131): Illuminate\Foundation\Application->bootProvider()
#26 [internal function]: Illuminate\Foundation\Application->Illuminate\Foundation\{closure}()
#27 /home/v9dpxaww9e85/public_html/vendor/laravel/framework/src/Illuminate/Foundation/Application.php(1130): array_walk()
#28 /home/v9dpxaww9e85/public_html/vendor/laravel/framework/src/Illuminate/Foundation/Bootstrap/BootProviders.php(17): Illuminate\Foundation\Application->boot()
#29 /home/v9dpxaww9e85/public_html/vendor/laravel/framework/src/Illuminate/Foundation/Application.php(341): Illuminate\Foundation\Bootstrap\BootProviders->bootstrap()
#30 /home/v9dpxaww9e85/public_html/vendor/laravel/framework/src/Illuminate/Foundation/Http/Kernel.php(186): Illuminate\Foundation\Application->bootstrapWith()
#31 /home/v9dpxaww9e85/public_html/vendor/laravel/framework/src/Illuminate/Foundation/Http/Kernel.php(170): Illuminate\Foundation\Http\Kernel->bootstrap()
#32 /home/v9dpxaww9e85/public_html/vendor/laravel/framework/src/Illuminate/Foundation/Http/Kernel.php(144): Illuminate\Foundation\Http\Kernel->sendRequestThroughRouter()
#33 /home/v9dpxaww9e85/public_html/vendor/laravel/framework/src/Illuminate/Foundation/Application.php(1219): Illuminate\Foundation\Http\Kernel->handle()
#34 /home/v9dpxaww9e85/public_html/public/main.php(16): Illuminate\Foundation\Application->handleRequest()
#35 /home/v9dpxaww9e85/public_html/public/index.php(74): require('/home/v9dpxaww9...')
#36 {main} in /home/v9dpxaww9e85/public_html/app/Services/Auth/App/Helpers/SocialLogin/SocialLoginButton.php on line 21
[15-Feb-2026 22:54:41 UTC] PHP Fatal error:  During class fetch: Uncaught ErrorException: include(/home/v9dpxaww9e85/public_html/vendor/composer/../../app/Enums/EnumToArray.php): Failed to open stream: No such file or directory in /home/v9dpxaww9e85/public_html/vendor/composer/ClassLoader.php:576
Stack trace:
#0 /home/v9dpxaww9e85/public_html/vendor/laravel/framework/src/Illuminate/Foundation/Bootstrap/HandleExceptions.php(256): Illuminate\Foundation\Bootstrap\HandleExceptions->handleError()
#1 /home/v9dpxaww9e85/public_html/vendor/composer/ClassLoader.php(576): Illuminate\Foundation\Bootstrap\HandleExceptions->Illuminate\Foundation\Bootstrap\{closure}()
#2 /home/v9dpxaww9e85/public_html/vendor/composer/ClassLoader.php(576): include('/home/v9dpxaww9...')
#3 /home/v9dpxaww9e85/public_html/vendor/composer/ClassLoader.php(427): Composer\Autoload\{closure}()
#4 /home/v9dpxaww9e85/public_html/app/Services/Auth/App/Helpers/SocialLogin/SocialLoginButton.php(21): Composer\Autoload\ClassLoader->loadClass()
#5 /home/v9dpxaww9e85/public_html/vendor/composer/ClassLoader.php(576): include('/home/v9dpxaww9...')
#6 /home/v9dpxaww9e85/public_html/vendor/composer/ClassLoader.php(427): Composer\Autoload\{closure}()
#7 /home/v9dpxaww9e85/public_html/app/Models/Setting/SocialAuthSetting.php(41): Composer\Autoload\ClassLoader->loadClass()
#8 /home/v9dpxaww9e85/public_html/app/Models/Setting.php(230): App\Models\Setting\SocialAuthSetting::getValues()
#9 /home/v9dpxaww9e85/public_html/app/Models/Setting.php(205): App\Models\Setting->getValue()
#10 [internal function]: App\Models\Setting->App\Models\{closure}()
#11 /home/v9dpxaww9e85/public_html/vendor/laravel/framework/src/Illuminate/Database/Eloquent/Concerns/HasAttributes.php(730): call_user_func()
#12 /home/v9dpxaww9e85/public_html/vendor/laravel/framework/src/Illuminate/Database/Eloquent/Concerns/HasAttributes.php(2322): Illuminate\Database\Eloquent\Model->mutateAttributeMarkedAttribute()
#13 /home/v9dpxaww9e85/public_html/vendor/laravel/framework/src/Illuminate/Database/Eloquent/Concerns/HasAttributes.php(528): Illuminate\Database\Eloquent\Model->transformModelValue()
#14 /home/v9dpxaww9e85/public_html/vendor/laravel/framework/src/Illuminate/Database/Eloquent/Concerns/HasAttributes.php(482): Illuminate\Database\Eloquent\Model->getAttributeValue()
#15 /home/v9dpxaww9e85/public_html/vendor/laravel/framework/src/Illuminate/Database/Eloquent/Model.php(2405): Illuminate\Database\Eloquent\Model->getAttribute()
#16 /home/v9dpxaww9e85/public_html/app/Providers/AppService/ConfigTrait.php(127): Illuminate\Database\Eloquent\Model->__get()
#17 /home/v9dpxaww9e85/public_html/app/Providers/AppService/ConfigTrait.php(44): App\Providers\AppServiceProvider->createConfigForSettings()
#18 /home/v9dpxaww9e85/public_html/app/Providers/AppServiceProvider.php(83): App\Providers\AppServiceProvider->setupConfigs()
#19 /home/v9dpxaww9e85/public_html/vendor/laravel/framework/src/Illuminate/Container/BoundMethod.php(36): App\Providers\AppServiceProvider->boot()
#20 /home/v9dpxaww9e85/public_html/vendor/laravel/framework/src/Illuminate/Container/Util.php(43): Illuminate\Container\BoundMethod::Illuminate\Container\{closure}()
#21 /home/v9dpxaww9e85/public_html/vendor/laravel/framework/src/Illuminate/Container/BoundMethod.php(96): Illuminate\Container\Util::unwrapIfClosure()
#22 /home/v9dpxaww9e85/public_html/vendor/laravel/framework/src/Illuminate/Container/BoundMethod.php(35): Illuminate\Container\BoundMethod::callBoundMethod()
#23 /home/v9dpxaww9e85/public_html/vendor/laravel/framework/src/Illuminate/Container/Container.php(754): Illuminate\Container\BoundMethod::call()
#24 /home/v9dpxaww9e85/public_html/vendor/laravel/framework/src/Illuminate/Foundation/Application.php(1150): Illuminate\Container\Container->call()
#25 /home/v9dpxaww9e85/public_html/vendor/laravel/framework/src/Illuminate/Foundation/Application.php(1131): Illuminate\Foundation\Application->bootProvider()
#26 [internal function]: Illuminate\Foundation\Application->Illuminate\Foundation\{closure}()
#27 /home/v9dpxaww9e85/public_html/vendor/laravel/framework/src/Illuminate/Foundation/Application.php(1130): array_walk()
#28 /home/v9dpxaww9e85/public_html/vendor/laravel/framework/src/Illuminate/Foundation/Bootstrap/BootProviders.php(17): Illuminate\Foundation\Application->boot()
#29 /home/v9dpxaww9e85/public_html/vendor/laravel/framework/src/Illuminate/Foundation/Application.php(341): Illuminate\Foundation\Bootstrap\BootProviders->bootstrap()
#30 /home/v9dpxaww9e85/public_html/vendor/laravel/framework/src/Illuminate/Foundation/Http/Kernel.php(186): Illuminate\Foundation\Application->bootstrapWith()
#31 /home/v9dpxaww9e85/public_html/vendor/laravel/framework/src/Illuminate/Foundation/Http/Kernel.php(170): Illuminate\Foundation\Http\Kernel->bootstrap()
#32 /home/v9dpxaww9e85/public_html/vendor/laravel/framework/src/Illuminate/Foundation/Http/Kernel.php(144): Illuminate\Foundation\Http\Kernel->sendRequestThroughRouter()
#33 /home/v9dpxaww9e85/public_html/vendor/laravel/framework/src/Illuminate/Foundation/Application.php(1219): Illuminate\Foundation\Http\Kernel->handle()
#34 /home/v9dpxaww9e85/public_html/public/main.php(16): Illuminate\Foundation\Application->handleRequest()
#35 /home/v9dpxaww9e85/public_html/public/index.php(74): require('/home/v9dpxaww9...')
#36 {main} in /home/v9dpxaww9e85/public_html/app/Services/Auth/App/Helpers/SocialLogin/SocialLoginButton.php on line 21
[15-Feb-2026 22:54:43 UTC] PHP Fatal error:  During class fetch: Uncaught ErrorException: include(/home/v9dpxaww9e85/public_html/vendor/composer/../../app/Enums/EnumToArray.php): Failed to open stream: No such file or directory in /home/v9dpxaww9e85/public_html/vendor/composer/ClassLoader.php:576
Stack trace:
#0 /home/v9dpxaww9e85/public_html/vendor/laravel/framework/src/Illuminate/Foundation/Bootstrap/HandleExceptions.php(256): Illuminate\Foundation\Bootstrap\HandleExceptions->handleError()
#1 /home/v9dpxaww9e85/public_html/vendor/composer/ClassLoader.php(576): Illuminate\Foundation\Bootstrap\HandleExceptions->Illuminate\Foundation\Bootstrap\{closure}()
#2 /home/v9dpxaww9e85/public_html/vendor/composer/ClassLoader.php(576): include('/home/v9dpxaww9...')
#3 /home/v9dpxaww9e85/public_html/vendor/composer/ClassLoader.php(427): Composer\Autoload\{closure}()
#4 /home/v9dpxaww9e85/public_html/app/Services/Auth/App/Helpers/SocialLogin/SocialLoginButton.php(21): Composer\Autoload\ClassLoader->loadClass()
#5 /home/v9dpxaww9e85/public_html/vendor/composer/ClassLoader.php(576): include('/home/v9dpxaww9...')
#6 /home/v9dpxaww9e85/public_html/vendor/composer/ClassLoader.php(427): Composer\Autoload\{closure}()
#7 /home/v9dpxaww9e85/public_html/app/Models/Setting/SocialAuthSetting.php(41): Composer\Autoload\ClassLoader->loadClass()
#8 /home/v9dpxaww9e85/public_html/app/Models/Setting.php(230): App\Models\Setting\SocialAuthSetting::getValues()
#9 /home/v9dpxaww9e85/public_html/app/Models/Setting.php(205): App\Models\Setting->getValue()
#10 [internal function]: App\Models\Setting->App\Models\{closure}()
#11 /home/v9dpxaww9e85/public_html/vendor/laravel/framework/src/Illuminate/Database/Eloquent/Concerns/HasAttributes.php(730): call_user_func()
#12 /home/v9dpxaww9e85/public_html/vendor/laravel/framework/src/Illuminate/Database/Eloquent/Concerns/HasAttributes.php(2322): Illuminate\Database\Eloquent\Model->mutateAttributeMarkedAttribute()
#13 /home/v9dpxaww9e85/public_html/vendor/laravel/framework/src/Illuminate/Database/Eloquent/Concerns/HasAttributes.php(528): Illuminate\Database\Eloquent\Model->transformModelValue()
#14 /home/v9dpxaww9e85/public_html/vendor/laravel/framework/src/Illuminate/Database/Eloquent/Concerns/HasAttributes.php(482): Illuminate\Database\Eloquent\Model->getAttributeValue()
#15 /home/v9dpxaww9e85/public_html/vendor/laravel/framework/src/Illuminate/Database/Eloquent/Model.php(2405): Illuminate\Database\Eloquent\Model->getAttribute()
#16 /home/v9dpxaww9e85/public_html/app/Providers/AppService/ConfigTrait.php(127): Illuminate\Database\Eloquent\Model->__get()
#17 /home/v9dpxaww9e85/public_html/app/Providers/AppService/ConfigTrait.php(44): App\Providers\AppServiceProvider->createConfigForSettings()
#18 /home/v9dpxaww9e85/public_html/app/Providers/AppServiceProvider.php(83): App\Providers\AppServiceProvider->setupConfigs()
#19 /home/v9dpxaww9e85/public_html/vendor/laravel/framework/src/Illuminate/Container/BoundMethod.php(36): App\Providers\AppServiceProvider->boot()
#20 /home/v9dpxaww9e85/public_html/vendor/laravel/framework/src/Illuminate/Container/Util.php(43): Illuminate\Container\BoundMethod::Illuminate\Container\{closure}()
#21 /home/v9dpxaww9e85/public_html/vendor/laravel/framework/src/Illuminate/Container/BoundMethod.php(96): Illuminate\Container\Util::unwrapIfClosure()
#22 /home/v9dpxaww9e85/public_html/vendor/laravel/framework/src/Illuminate/Container/BoundMethod.php(35): Illuminate\Container\BoundMethod::callBoundMethod()
#23 /home/v9dpxaww9e85/public_html/vendor/laravel/framework/src/Illuminate/Container/Container.php(754): Illuminate\Container\BoundMethod::call()
#24 /home/v9dpxaww9e85/public_html/vendor/laravel/framework/src/Illuminate/Foundation/Application.php(1150): Illuminate\Container\Container->call()
#25 /home/v9dpxaww9e85/public_html/vendor/laravel/framework/src/Illuminate/Foundation/Application.php(1131): Illuminate\Foundation\Application->bootProvider()
#26 [internal function]: Illuminate\Foundation\Application->Illuminate\Foundation\{closure}()
#27 /home/v9dpxaww9e85/public_html/vendor/laravel/framework/src/Illuminate/Foundation/Application.php(1130): array_walk()
#28 /home/v9dpxaww9e85/public_html/vendor/laravel/framework/src/Illuminate/Foundation/Bootstrap/BootProviders.php(17): Illuminate\Foundation\Application->boot()
#29 /home/v9dpxaww9e85/public_html/vendor/laravel/framework/src/Illuminate/Foundation/Application.php(341): Illuminate\Foundation\Bootstrap\BootProviders->bootstrap()
#30 /home/v9dpxaww9e85/public_html/vendor/laravel/framework/src/Illuminate/Foundation/Http/Kernel.php(186): Illuminate\Foundation\Application->bootstrapWith()
#31 /home/v9dpxaww9e85/public_html/vendor/laravel/framework/src/Illuminate/Foundation/Http/Kernel.php(170): Illuminate\Foundation\Http\Kernel->bootstrap()
#32 /home/v9dpxaww9e85/public_html/vendor/laravel/framework/src/Illuminate/Foundation/Http/Kernel.php(144): Illuminate\Foundation\Http\Kernel->sendRequestThroughRouter()
#33 /home/v9dpxaww9e85/public_html/vendor/laravel/framework/src/Illuminate/Foundation/Application.php(1219): Illuminate\Foundation\Http\Kernel->handle()
#34 /home/v9dpxaww9e85/public_html/public/main.php(16): Illuminate\Foundation\Application->handleRequest()
#35 /home/v9dpxaww9e85/public_html/public/index.php(74): require('/home/v9dpxaww9...')
#36 {main} in /home/v9dpxaww9e85/public_html/app/Services/Auth/App/Helpers/SocialLogin/SocialLoginButton.php on line 21
[15-Feb-2026 22:54:56 UTC] PHP Fatal error:  During class fetch: Uncaught ErrorException: include(/home/v9dpxaww9e85/public_html/vendor/composer/../../app/Enums/EnumToArray.php): Failed to open stream: No such file or directory in /home/v9dpxaww9e85/public_html/vendor/composer/ClassLoader.php:576
Stack trace:
#0 /home/v9dpxaww9e85/public_html/vendor/laravel/framework/src/Illuminate/Foundation/Bootstrap/HandleExceptions.php(256): Illuminate\Foundation\Bootstrap\HandleExceptions->handleError()
#1 /home/v9dpxaww9e85/public_html/vendor/composer/ClassLoader.php(576): Illuminate\Foundation\Bootstrap\HandleExceptions->Illuminate\Foundation\Bootstrap\{closure}()
#2 /home/v9dpxaww9e85/public_html/vendor/composer/ClassLoader.php(576): include('/home/v9dpxaww9...')
#3 /home/v9dpxaww9e85/public_html/vendor/composer/ClassLoader.php(427): Composer\Autoload\{closure}()
#4 /home/v9dpxaww9e85/public_html/app/Services/Auth/App/Helpers/SocialLogin/SocialLoginButton.php(21): Composer\Autoload\ClassLoader->loadClass()
#5 /home/v9dpxaww9e85/public_html/vendor/composer/ClassLoader.php(576): include('/home/v9dpxaww9...')
#6 /home/v9dpxaww9e85/public_html/vendor/composer/ClassLoader.php(427): Composer\Autoload\{closure}()
#7 /home/v9dpxaww9e85/public_html/app/Models/Setting/SocialAuthSetting.php(41): Composer\Autoload\ClassLoader->loadClass()
#8 /home/v9dpxaww9e85/public_html/app/Models/Setting.php(230): App\Models\Setting\SocialAuthSetting::getValues()
#9 /home/v9dpxaww9e85/public_html/app/Models/Setting.php(205): App\Models\Setting->getValue()
#10 [internal function]: App\Models\Setting->App\Models\{closure}()
#11 /home/v9dpxaww9e85/public_html/vendor/laravel/framework/src/Illuminate/Database/Eloquent/Concerns/HasAttributes.php(730): call_user_func()
#12 /home/v9dpxaww9e85/public_html/vendor/laravel/framework/src/Illuminate/Database/Eloquent/Concerns/HasAttributes.php(2322): Illuminate\Database\Eloquent\Model->mutateAttributeMarkedAttribute()
#13 /home/v9dpxaww9e85/public_html/vendor/laravel/framework/src/Illuminate/Database/Eloquent/Concerns/HasAttributes.php(528): Illuminate\Database\Eloquent\Model->transformModelValue()
#14 /home/v9dpxaww9e85/public_html/vendor/laravel/framework/src/Illuminate/Database/Eloquent/Concerns/HasAttributes.php(482): Illuminate\Database\Eloquent\Model->getAttributeValue()
#15 /home/v9dpxaww9e85/public_html/vendor/laravel/framework/src/Illuminate/Database/Eloquent/Model.php(2405): Illuminate\Database\Eloquent\Model->getAttribute()
#16 /home/v9dpxaww9e85/public_html/app/Providers/AppService/ConfigTrait.php(127): Illuminate\Database\Eloquent\Model->__get()
#17 /home/v9dpxaww9e85/public_html/app/Providers/AppService/ConfigTrait.php(44): App\Providers\AppServiceProvider->createConfigForSettings()
#18 /home/v9dpxaww9e85/public_html/app/Providers/AppServiceProvider.php(83): App\Providers\AppServiceProvider->setupConfigs()
#19 /home/v9dpxaww9e85/public_html/vendor/laravel/framework/src/Illuminate/Container/BoundMethod.php(36): App\Providers\AppServiceProvider->boot()
#20 /home/v9dpxaww9e85/public_html/vendor/laravel/framework/src/Illuminate/Container/Util.php(43): Illuminate\Container\BoundMethod::Illuminate\Container\{closure}()
#21 /home/v9dpxaww9e85/public_html/vendor/laravel/framework/src/Illuminate/Container/BoundMethod.php(96): Illuminate\Container\Util::unwrapIfClosure()
#22 /home/v9dpxaww9e85/public_html/vendor/laravel/framework/src/Illuminate/Container/BoundMethod.php(35): Illuminate\Container\BoundMethod::callBoundMethod()
#23 /home/v9dpxaww9e85/public_html/vendor/laravel/framework/src/Illuminate/Container/Container.php(754): Illuminate\Container\BoundMethod::call()
#24 /home/v9dpxaww9e85/public_html/vendor/laravel/framework/src/Illuminate/Foundation/Application.php(1150): Illuminate\Container\Container->call()
#25 /home/v9dpxaww9e85/public_html/vendor/laravel/framework/src/Illuminate/Foundation/Application.php(1131): Illuminate\Foundation\Application->bootProvider()
#26 [internal function]: Illuminate\Foundation\Application->Illuminate\Foundation\{closure}()
#27 /home/v9dpxaww9e85/public_html/vendor/laravel/framework/src/Illuminate/Foundation/Application.php(1130): array_walk()
#28 /home/v9dpxaww9e85/public_html/vendor/laravel/framework/src/Illuminate/Foundation/Bootstrap/BootProviders.php(17): Illuminate\Foundation\Application->boot()
#29 /home/v9dpxaww9e85/public_html/vendor/laravel/framework/src/Illuminate/Foundation/Application.php(341): Illuminate\Foundation\Bootstrap\BootProviders->bootstrap()
#30 /home/v9dpxaww9e85/public_html/vendor/laravel/framework/src/Illuminate/Foundation/Http/Kernel.php(186): Illuminate\Foundation\Application->bootstrapWith()
#31 /home/v9dpxaww9e85/public_html/vendor/laravel/framework/src/Illuminate/Foundation/Http/Kernel.php(170): Illuminate\Foundation\Http\Kernel->bootstrap()
#32 /home/v9dpxaww9e85/public_html/vendor/laravel/framework/src/Illuminate/Foundation/Http/Kernel.php(144): Illuminate\Foundation\Http\Kernel->sendRequestThroughRouter()
#33 /home/v9dpxaww9e85/public_html/vendor/laravel/framework/src/Illuminate/Foundation/Application.php(1219): Illuminate\Foundation\Http\Kernel->handle()
#34 /home/v9dpxaww9e85/public_html/public/main.php(16): Illuminate\Foundation\Application->handleRequest()
#35 /home/v9dpxaww9e85/public_html/public/index.php(74): require('/home/v9dpxaww9...')
#36 {main} in /home/v9dpxaww9e85/public_html/app/Services/Auth/App/Helpers/SocialLogin/SocialLoginButton.php on line 21
[15-Feb-2026 23:03:02 UTC] PHP Fatal error:  During class fetch: Uncaught ErrorException: include(/home/v9dpxaww9e85/public_html/vendor/composer/../../app/Enums/EnumToArray.php): Failed to open stream: No such file or directory in /home/v9dpxaww9e85/public_html/vendor/composer/ClassLoader.php:576
Stack trace:
#0 /home/v9dpxaww9e85/public_html/vendor/laravel/framework/src/Illuminate/Foundation/Bootstrap/HandleExceptions.php(256): Illuminate\Foundation\Bootstrap\HandleExceptions->handleError()
#1 /home/v9dpxaww9e85/public_html/vendor/composer/ClassLoader.php(576): Illuminate\Foundation\Bootstrap\HandleExceptions->Illuminate\Foundation\Bootstrap\{closure}()
#2 /home/v9dpxaww9e85/public_html/vendor/composer/ClassLoader.php(576): include('/home/v9dpxaww9...')
#3 /home/v9dpxaww9e85/public_html/vendor/composer/ClassLoader.php(427): Composer\Autoload\{closure}()
#4 /home/v9dpxaww9e85/public_html/app/Services/Auth/App/Helpers/SocialLogin/SocialLoginButton.php(21): Composer\Autoload\ClassLoader->loadClass()
#5 /home/v9dpxaww9e85/public_html/vendor/composer/ClassLoader.php(576): include('/home/v9dpxaww9...')
#6 /home/v9dpxaww9e85/public_html/vendor/composer/ClassLoader.php(427): Composer\Autoload\{closure}()
#7 /home/v9dpxaww9e85/public_html/app/Models/Setting/SocialAuthSetting.php(41): Composer\Autoload\ClassLoader->loadClass()
#8 /home/v9dpxaww9e85/public_html/app/Models/Setting.php(230): App\Models\Setting\SocialAuthSetting::getValues()
#9 /home/v9dpxaww9e85/public_html/app/Models/Setting.php(205): App\Models\Setting->getValue()
#10 [internal function]: App\Models\Setting->App\Models\{closure}()
#11 /home/v9dpxaww9e85/public_html/vendor/laravel/framework/src/Illuminate/Database/Eloquent/Concerns/HasAttributes.php(730): call_user_func()
#12 /home/v9dpxaww9e85/public_html/vendor/laravel/framework/src/Illuminate/Database/Eloquent/Concerns/HasAttributes.php(2322): Illuminate\Database\Eloquent\Model->mutateAttributeMarkedAttribute()
#13 /home/v9dpxaww9e85/public_html/vendor/laravel/framework/src/Illuminate/Database/Eloquent/Concerns/HasAttributes.php(528): Illuminate\Database\Eloquent\Model->transformModelValue()
#14 /home/v9dpxaww9e85/public_html/vendor/laravel/framework/src/Illuminate/Database/Eloquent/Concerns/HasAttributes.php(482): Illuminate\Database\Eloquent\Model->getAttributeValue()
#15 /home/v9dpxaww9e85/public_html/vendor/laravel/framework/src/Illuminate/Database/Eloquent/Model.php(2405): Illuminate\Database\Eloquent\Model->getAttribute()
#16 /home/v9dpxaww9e85/public_html/app/Providers/AppService/ConfigTrait.php(127): Illuminate\Database\Eloquent\Model->__get()
#17 /home/v9dpxaww9e85/public_html/app/Providers/AppService/ConfigTrait.php(44): App\Providers\AppServiceProvider->createConfigForSettings()
#18 /home/v9dpxaww9e85/public_html/app/Providers/AppServiceProvider.php(83): App\Providers\AppServiceProvider->setupConfigs()
#19 /home/v9dpxaww9e85/public_html/vendor/laravel/framework/src/Illuminate/Container/BoundMethod.php(36): App\Providers\AppServiceProvider->boot()
#20 /home/v9dpxaww9e85/public_html/vendor/laravel/framework/src/Illuminate/Container/Util.php(43): Illuminate\Container\BoundMethod::Illuminate\Container\{closure}()
#21 /home/v9dpxaww9e85/public_html/vendor/laravel/framework/src/Illuminate/Container/BoundMethod.php(96): Illuminate\Container\Util::unwrapIfClosure()
#22 /home/v9dpxaww9e85/public_html/vendor/laravel/framework/src/Illuminate/Container/BoundMethod.php(35): Illuminate\Container\BoundMethod::callBoundMethod()
#23 /home/v9dpxaww9e85/public_html/vendor/laravel/framework/src/Illuminate/Container/Container.php(754): Illuminate\Container\BoundMethod::call()
#24 /home/v9dpxaww9e85/public_html/vendor/laravel/framework/src/Illuminate/Foundation/Application.php(1150): Illuminate\Container\Container->call()
#25 /home/v9dpxaww9e85/public_html/vendor/laravel/framework/src/Illuminate/Foundation/Application.php(1131): Illuminate\Foundation\Application->bootProvider()
#26 [internal function]: Illuminate\Foundation\Application->Illuminate\Foundation\{closure}()
#27 /home/v9dpxaww9e85/public_html/vendor/laravel/framework/src/Illuminate/Foundation/Application.php(1130): array_walk()
#28 /home/v9dpxaww9e85/public_html/vendor/laravel/framework/src/Illuminate/Foundation/Bootstrap/BootProviders.php(17): Illuminate\Foundation\Application->boot()
#29 /home/v9dpxaww9e85/public_html/vendor/laravel/framework/src/Illuminate/Foundation/Application.php(341): Illuminate\Foundation\Bootstrap\BootProviders->bootstrap()
#30 /home/v9dpxaww9e85/public_html/vendor/laravel/framework/src/Illuminate/Foundation/Http/Kernel.php(186): Illuminate\Foundation\Application->bootstrapWith()
#31 /home/v9dpxaww9e85/public_html/vendor/laravel/framework/src/Illuminate/Foundation/Http/Kernel.php(170): Illuminate\Foundation\Http\Kernel->bootstrap()
#32 /home/v9dpxaww9e85/public_html/vendor/laravel/framework/src/Illuminate/Foundation/Http/Kernel.php(144): Illuminate\Foundation\Http\Kernel->sendRequestThroughRouter()
#33 /home/v9dpxaww9e85/public_html/vendor/laravel/framework/src/Illuminate/Foundation/Application.php(1219): Illuminate\Foundation\Http\Kernel->handle()
#34 /home/v9dpxaww9e85/public_html/public/main.php(16): Illuminate\Foundation\Application->handleRequest()
#35 /home/v9dpxaww9e85/public_html/public/index.php(74): require('/home/v9dpxaww9...')
#36 {main} in /home/v9dpxaww9e85/public_html/app/Services/Auth/App/Helpers/SocialLogin/SocialLoginButton.php on line 21
[15-Feb-2026 23:03:05 UTC] PHP Fatal error:  During class fetch: Uncaught ErrorException: include(/home/v9dpxaww9e85/public_html/vendor/composer/../../app/Enums/EnumToArray.php): Failed to open stream: No such file or directory in /home/v9dpxaww9e85/public_html/vendor/composer/ClassLoader.php:576
Stack trace:
#0 /home/v9dpxaww9e85/public_html/vendor/laravel/framework/src/Illuminate/Foundation/Bootstrap/HandleExceptions.php(256): Illuminate\Foundation\Bootstrap\HandleExceptions->handleError()
#1 /home/v9dpxaww9e85/public_html/vendor/composer/ClassLoader.php(576): Illuminate\Foundation\Bootstrap\HandleExceptions->Illuminate\Foundation\Bootstrap\{closure}()
#2 /home/v9dpxaww9e85/public_html/vendor/composer/ClassLoader.php(576): include('/home/v9dpxaww9...')
#3 /home/v9dpxaww9e85/public_html/vendor/composer/ClassLoader.php(427): Composer\Autoload\{closure}()
#4 /home/v9dpxaww9e85/public_html/app/Services/Auth/App/Helpers/SocialLogin/SocialLoginButton.php(21): Composer\Autoload\ClassLoader->loadClass()
#5 /home/v9dpxaww9e85/public_html/vendor/composer/ClassLoader.php(576): include('/home/v9dpxaww9...')
#6 /home/v9dpxaww9e85/public_html/vendor/composer/ClassLoader.php(427): Composer\Autoload\{closure}()
#7 /home/v9dpxaww9e85/public_html/app/Models/Setting/SocialAuthSetting.php(41): Composer\Autoload\ClassLoader->loadClass()
#8 /home/v9dpxaww9e85/public_html/app/Models/Setting.php(230): App\Models\Setting\SocialAuthSetting::getValues()
#9 /home/v9dpxaww9e85/public_html/app/Models/Setting.php(205): App\Models\Setting->getValue()
#10 [internal function]: App\Models\Setting->App\Models\{closure}()
#11 /home/v9dpxaww9e85/public_html/vendor/laravel/framework/src/Illuminate/Database/Eloquent/Concerns/HasAttributes.php(730): call_user_func()
#12 /home/v9dpxaww9e85/public_html/vendor/laravel/framework/src/Illuminate/Database/Eloquent/Concerns/HasAttributes.php(2322): Illuminate\Database\Eloquent\Model->mutateAttributeMarkedAttribute()
#13 /home/v9dpxaww9e85/public_html/vendor/laravel/framework/src/Illuminate/Database/Eloquent/Concerns/HasAttributes.php(528): Illuminate\Database\Eloquent\Model->transformModelValue()
#14 /home/v9dpxaww9e85/public_html/vendor/laravel/framework/src/Illuminate/Database/Eloquent/Concerns/HasAttributes.php(482): Illuminate\Database\Eloquent\Model->getAttributeValue()
#15 /home/v9dpxaww9e85/public_html/vendor/laravel/framework/src/Illuminate/Database/Eloquent/Model.php(2405): Illuminate\Database\Eloquent\Model->getAttribute()
#16 /home/v9dpxaww9e85/public_html/app/Providers/AppService/ConfigTrait.php(127): Illuminate\Database\Eloquent\Model->__get()
#17 /home/v9dpxaww9e85/public_html/app/Providers/AppService/ConfigTrait.php(44): App\Providers\AppServiceProvider->createConfigForSettings()
#18 /home/v9dpxaww9e85/public_html/app/Providers/AppServiceProvider.php(83): App\Providers\AppServiceProvider->setupConfigs()
#19 /home/v9dpxaww9e85/public_html/vendor/laravel/framework/src/Illuminate/Container/BoundMethod.php(36): App\Providers\AppServiceProvider->boot()
#20 /home/v9dpxaww9e85/public_html/vendor/laravel/framework/src/Illuminate/Container/Util.php(43): Illuminate\Container\BoundMethod::Illuminate\Container\{closure}()
#21 /home/v9dpxaww9e85/public_html/vendor/laravel/framework/src/Illuminate/Container/BoundMethod.php(96): Illuminate\Container\Util::unwrapIfClosure()
#22 /home/v9dpxaww9e85/public_html/vendor/laravel/framework/src/Illuminate/Container/BoundMethod.php(35): Illuminate\Container\BoundMethod::callBoundMethod()
#23 /home/v9dpxaww9e85/public_html/vendor/laravel/framework/src/Illuminate/Container/Container.php(754): Illuminate\Container\BoundMethod::call()
#24 /home/v9dpxaww9e85/public_html/vendor/laravel/framework/src/Illuminate/Foundation/Application.php(1150): Illuminate\Container\Container->call()
#25 /home/v9dpxaww9e85/public_html/vendor/laravel/framework/src/Illuminate/Foundation/Application.php(1131): Illuminate\Foundation\Application->bootProvider()
#26 [internal function]: Illuminate\Foundation\Application->Illuminate\Foundation\{closure}()
#27 /home/v9dpxaww9e85/public_html/vendor/laravel/framework/src/Illuminate/Foundation/Application.php(1130): array_walk()
#28 /home/v9dpxaww9e85/public_html/vendor/laravel/framework/src/Illuminate/Foundation/Bootstrap/BootProviders.php(17): Illuminate\Foundation\Application->boot()
#29 /home/v9dpxaww9e85/public_html/vendor/laravel/framework/src/Illuminate/Foundation/Application.php(341): Illuminate\Foundation\Bootstrap\BootProviders->bootstrap()
#30 /home/v9dpxaww9e85/public_html/vendor/laravel/framework/src/Illuminate/Foundation/Http/Kernel.php(186): Illuminate\Foundation\Application->bootstrapWith()
#31 /home/v9dpxaww9e85/public_html/vendor/laravel/framework/src/Illuminate/Foundation/Http/Kernel.php(170): Illuminate\Foundation\Http\Kernel->bootstrap()
#32 /home/v9dpxaww9e85/public_html/vendor/laravel/framework/src/Illuminate/Foundation/Http/Kernel.php(144): Illuminate\Foundation\Http\Kernel->sendRequestThroughRouter()
#33 /home/v9dpxaww9e85/public_html/vendor/laravel/framework/src/Illuminate/Foundation/Application.php(1219): Illuminate\Foundation\Http\Kernel->handle()
#34 /home/v9dpxaww9e85/public_html/public/main.php(16): Illuminate\Foundation\Application->handleRequest()
#35 /home/v9dpxaww9e85/public_html/public/index.php(74): require('/home/v9dpxaww9...')
#36 {main} in /home/v9dpxaww9e85/public_html/app/Services/Auth/App/Helpers/SocialLogin/SocialLoginButton.php on line 21
[15-Feb-2026 23:03:10 UTC] PHP Fatal error:  During class fetch: Uncaught ErrorException: include(/home/v9dpxaww9e85/public_html/vendor/composer/../../app/Enums/EnumToArray.php): Failed to open stream: No such file or directory in /home/v9dpxaww9e85/public_html/vendor/composer/ClassLoader.php:576
Stack trace:
#0 /home/v9dpxaww9e85/public_html/vendor/laravel/framework/src/Illuminate/Foundation/Bootstrap/HandleExceptions.php(256): Illuminate\Foundation\Bootstrap\HandleExceptions->handleError()
#1 /home/v9dpxaww9e85/public_html/vendor/composer/ClassLoader.php(576): Illuminate\Foundation\Bootstrap\HandleExceptions->Illuminate\Foundation\Bootstrap\{closure}()
#2 /home/v9dpxaww9e85/public_html/vendor/composer/ClassLoader.php(576): include('/home/v9dpxaww9...')
#3 /home/v9dpxaww9e85/public_html/vendor/composer/ClassLoader.php(427): Composer\Autoload\{closure}()
#4 /home/v9dpxaww9e85/public_html/app/Services/Auth/App/Helpers/SocialLogin/SocialLoginButton.php(21): Composer\Autoload\ClassLoader->loadClass()
#5 /home/v9dpxaww9e85/public_html/vendor/composer/ClassLoader.php(576): include('/home/v9dpxaww9...')
#6 /home/v9dpxaww9e85/public_html/vendor/composer/ClassLoader.php(427): Composer\Autoload\{closure}()
#7 /home/v9dpxaww9e85/public_html/app/Models/Setting/SocialAuthSetting.php(41): Composer\Autoload\ClassLoader->loadClass()
#8 /home/v9dpxaww9e85/public_html/app/Models/Setting.php(230): App\Models\Setting\SocialAuthSetting::getValues()
#9 /home/v9dpxaww9e85/public_html/app/Models/Setting.php(205): App\Models\Setting->getValue()
#10 [internal function]: App\Models\Setting->App\Models\{closure}()
#11 /home/v9dpxaww9e85/public_html/vendor/laravel/framework/src/Illuminate/Database/Eloquent/Concerns/HasAttributes.php(730): call_user_func()
#12 /home/v9dpxaww9e85/public_html/vendor/laravel/framework/src/Illuminate/Database/Eloquent/Concerns/HasAttributes.php(2322): Illuminate\Database\Eloquent\Model->mutateAttributeMarkedAttribute()
#13 /home/v9dpxaww9e85/public_html/vendor/laravel/framework/src/Illuminate/Database/Eloquent/Concerns/HasAttributes.php(528): Illuminate\Database\Eloquent\Model->transformModelValue()
#14 /home/v9dpxaww9e85/public_html/vendor/laravel/framework/src/Illuminate/Database/Eloquent/Concerns/HasAttributes.php(482): Illuminate\Database\Eloquent\Model->getAttributeValue()
#15 /home/v9dpxaww9e85/public_html/vendor/laravel/framework/src/Illuminate/Database/Eloquent/Model.php(2405): Illuminate\Database\Eloquent\Model->getAttribute()
#16 /home/v9dpxaww9e85/public_html/app/Providers/AppService/ConfigTrait.php(127): Illuminate\Database\Eloquent\Model->__get()
#17 /home/v9dpxaww9e85/public_html/app/Providers/AppService/ConfigTrait.php(44): App\Providers\AppServiceProvider->createConfigForSettings()
#18 /home/v9dpxaww9e85/public_html/app/Providers/AppServiceProvider.php(83): App\Providers\AppServiceProvider->setupConfigs()
#19 /home/v9dpxaww9e85/public_html/vendor/laravel/framework/src/Illuminate/Container/BoundMethod.php(36): App\Providers\AppServiceProvider->boot()
#20 /home/v9dpxaww9e85/public_html/vendor/laravel/framework/src/Illuminate/Container/Util.php(43): Illuminate\Container\BoundMethod::Illuminate\Container\{closure}()
#21 /home/v9dpxaww9e85/public_html/vendor/laravel/framework/src/Illuminate/Container/BoundMethod.php(96): Illuminate\Container\Util::unwrapIfClosure()
#22 /home/v9dpxaww9e85/public_html/vendor/laravel/framework/src/Illuminate/Container/BoundMethod.php(35): Illuminate\Container\BoundMethod::callBoundMethod()
#23 /home/v9dpxaww9e85/public_html/vendor/laravel/framework/src/Illuminate/Container/Container.php(754): Illuminate\Container\BoundMethod::call()
#24 /home/v9dpxaww9e85/public_html/vendor/laravel/framework/src/Illuminate/Foundation/Application.php(1150): Illuminate\Container\Container->call()
#25 /home/v9dpxaww9e85/public_html/vendor/laravel/framework/src/Illuminate/Foundation/Application.php(1131): Illuminate\Foundation\Application->bootProvider()
#26 [internal function]: Illuminate\Foundation\Application->Illuminate\Foundation\{closure}()
#27 /home/v9dpxaww9e85/public_html/vendor/laravel/framework/src/Illuminate/Foundation/Application.php(1130): array_walk()
#28 /home/v9dpxaww9e85/public_html/vendor/laravel/framework/src/Illuminate/Foundation/Bootstrap/BootProviders.php(17): Illuminate\Foundation\Application->boot()
#29 /home/v9dpxaww9e85/public_html/vendor/laravel/framework/src/Illuminate/Foundation/Application.php(341): Illuminate\Foundation\Bootstrap\BootProviders->bootstrap()
#30 /home/v9dpxaww9e85/public_html/vendor/laravel/framework/src/Illuminate/Foundation/Http/Kernel.php(186): Illuminate\Foundation\Application->bootstrapWith()
#31 /home/v9dpxaww9e85/public_html/vendor/laravel/framework/src/Illuminate/Foundation/Http/Kernel.php(170): Illuminate\Foundation\Http\Kernel->bootstrap()
#32 /home/v9dpxaww9e85/public_html/vendor/laravel/framework/src/Illuminate/Foundation/Http/Kernel.php(144): Illuminate\Foundation\Http\Kernel->sendRequestThroughRouter()
#33 /home/v9dpxaww9e85/public_html/vendor/laravel/framework/src/Illuminate/Foundation/Application.php(1219): Illuminate\Foundation\Http\Kernel->handle()
#34 /home/v9dpxaww9e85/public_html/public/main.php(16): Illuminate\Foundation\Application->handleRequest()
#35 /home/v9dpxaww9e85/public_html/public/index.php(74): require('/home/v9dpxaww9...')
#36 {main} in /home/v9dpxaww9e85/public_html/app/Services/Auth/App/Helpers/SocialLogin/SocialLoginButton.php on line 21
[15-Feb-2026 23:03:11 UTC] PHP Fatal error:  During class fetch: Uncaught ErrorException: include(/home/v9dpxaww9e85/public_html/vendor/composer/../../app/Enums/EnumToArray.php): Failed to open stream: No such file or directory in /home/v9dpxaww9e85/public_html/vendor/composer/ClassLoader.php:576
Stack trace:
#0 /home/v9dpxaww9e85/public_html/vendor/laravel/framework/src/Illuminate/Foundation/Bootstrap/HandleExceptions.php(256): Illuminate\Foundation\Bootstrap\HandleExceptions->handleError()
#1 /home/v9dpxaww9e85/public_html/vendor/composer/ClassLoader.php(576): Illuminate\Foundation\Bootstrap\HandleExceptions->Illuminate\Foundation\Bootstrap\{closure}()
#2 /home/v9dpxaww9e85/public_html/vendor/composer/ClassLoader.php(576): include('/home/v9dpxaww9...')
#3 /home/v9dpxaww9e85/public_html/vendor/composer/ClassLoader.php(427): Composer\Autoload\{closure}()
#4 /home/v9dpxaww9e85/public_html/app/Services/Auth/App/Helpers/SocialLogin/SocialLoginButton.php(21): Composer\Autoload\ClassLoader->loadClass()
#5 /home/v9dpxaww9e85/public_html/vendor/composer/ClassLoader.php(576): include('/home/v9dpxaww9...')
#6 /home/v9dpxaww9e85/public_html/vendor/composer/ClassLoader.php(427): Composer\Autoload\{closure}()
#7 /home/v9dpxaww9e85/public_html/app/Models/Setting/SocialAuthSetting.php(41): Composer\Autoload\ClassLoader->loadClass()
#8 /home/v9dpxaww9e85/public_html/app/Models/Setting.php(230): App\Models\Setting\SocialAuthSetting::getValues()
#9 /home/v9dpxaww9e85/public_html/app/Models/Setting.php(205): App\Models\Setting->getValue()
#10 [internal function]: App\Models\Setting->App\Models\{closure}()
#11 /home/v9dpxaww9e85/public_html/vendor/laravel/framework/src/Illuminate/Database/Eloquent/Concerns/HasAttributes.php(730): call_user_func()
#12 /home/v9dpxaww9e85/public_html/vendor/laravel/framework/src/Illuminate/Database/Eloquent/Concerns/HasAttributes.php(2322): Illuminate\Database\Eloquent\Model->mutateAttributeMarkedAttribute()
#13 /home/v9dpxaww9e85/public_html/vendor/laravel/framework/src/Illuminate/Database/Eloquent/Concerns/HasAttributes.php(528): Illuminate\Database\Eloquent\Model->transformModelValue()
#14 /home/v9dpxaww9e85/public_html/vendor/laravel/framework/src/Illuminate/Database/Eloquent/Concerns/HasAttributes.php(482): Illuminate\Database\Eloquent\Model->getAttributeValue()
#15 /home/v9dpxaww9e85/public_html/vendor/laravel/framework/src/Illuminate/Database/Eloquent/Model.php(2405): Illuminate\Database\Eloquent\Model->getAttribute()
#16 /home/v9dpxaww9e85/public_html/app/Providers/AppService/ConfigTrait.php(127): Illuminate\Database\Eloquent\Model->__get()
#17 /home/v9dpxaww9e85/public_html/app/Providers/AppService/ConfigTrait.php(44): App\Providers\AppServiceProvider->createConfigForSettings()
#18 /home/v9dpxaww9e85/public_html/app/Providers/AppServiceProvider.php(83): App\Providers\AppServiceProvider->setupConfigs()
#19 /home/v9dpxaww9e85/public_html/vendor/laravel/framework/src/Illuminate/Container/BoundMethod.php(36): App\Providers\AppServiceProvider->boot()
#20 /home/v9dpxaww9e85/public_html/vendor/laravel/framework/src/Illuminate/Container/Util.php(43): Illuminate\Container\BoundMethod::Illuminate\Container\{closure}()
#21 /home/v9dpxaww9e85/public_html/vendor/laravel/framework/src/Illuminate/Container/BoundMethod.php(96): Illuminate\Container\Util::unwrapIfClosure()
#22 /home/v9dpxaww9e85/public_html/vendor/laravel/framework/src/Illuminate/Container/BoundMethod.php(35): Illuminate\Container\BoundMethod::callBoundMethod()
#23 /home/v9dpxaww9e85/public_html/vendor/laravel/framework/src/Illuminate/Container/Container.php(754): Illuminate\Container\BoundMethod::call()
#24 /home/v9dpxaww9e85/public_html/vendor/laravel/framework/src/Illuminate/Foundation/Application.php(1150): Illuminate\Container\Container->call()
#25 /home/v9dpxaww9e85/public_html/vendor/laravel/framework/src/Illuminate/Foundation/Application.php(1131): Illuminate\Foundation\Application->bootProvider()
#26 [internal function]: Illuminate\Foundation\Application->Illuminate\Foundation\{closure}()
#27 /home/v9dpxaww9e85/public_html/vendor/laravel/framework/src/Illuminate/Foundation/Application.php(1130): array_walk()
#28 /home/v9dpxaww9e85/public_html/vendor/laravel/framework/src/Illuminate/Foundation/Bootstrap/BootProviders.php(17): Illuminate\Foundation\Application->boot()
#29 /home/v9dpxaww9e85/public_html/vendor/laravel/framework/src/Illuminate/Foundation/Application.php(341): Illuminate\Foundation\Bootstrap\BootProviders->bootstrap()
#30 /home/v9dpxaww9e85/public_html/vendor/laravel/framework/src/Illuminate/Foundation/Http/Kernel.php(186): Illuminate\Foundation\Application->bootstrapWith()
#31 /home/v9dpxaww9e85/public_html/vendor/laravel/framework/src/Illuminate/Foundation/Http/Kernel.php(170): Illuminate\Foundation\Http\Kernel->bootstrap()
#32 /home/v9dpxaww9e85/public_html/vendor/laravel/framework/src/Illuminate/Foundation/Http/Kernel.php(144): Illuminate\Foundation\Http\Kernel->sendRequestThroughRouter()
#33 /home/v9dpxaww9e85/public_html/vendor/laravel/framework/src/Illuminate/Foundation/Application.php(1219): Illuminate\Foundation\Http\Kernel->handle()
#34 /home/v9dpxaww9e85/public_html/public/main.php(16): Illuminate\Foundation\Application->handleRequest()
#35 /home/v9dpxaww9e85/public_html/public/index.php(74): require('/home/v9dpxaww9...')
#36 {main} in /home/v9dpxaww9e85/public_html/app/Services/Auth/App/Helpers/SocialLogin/SocialLoginButton.php on line 21
[15-Feb-2026 23:21:26 UTC] PHP Fatal error:  Cannot declare trait App\Enums\EnumToArray, because the name is already in use in /home/v9dpxaww9e85/public_html/app/Enums/ThemePreference.php on line 8
[15-Feb-2026 23:21:45 UTC] PHP Fatal error:  Cannot declare trait App\Enums\EnumToArray, because the name is already in use in /home/v9dpxaww9e85/public_html/app/Enums/ThemePreference.php on line 8
[15-Feb-2026 23:21:52 UTC] PHP Fatal error:  Cannot declare trait App\Enums\EnumToArray, because the name is already in use in /home/v9dpxaww9e85/public_html/app/Enums/ThemePreference.php on line 8
[15-Feb-2026 23:23:39 UTC] PHP Fatal error:  Cannot declare trait App\Enums\EnumToArray, because the name is already in use in /home/v9dpxaww9e85/public_html/app/Enums/Gender.php on line 19
[15-Feb-2026 23:24:03 UTC] PHP Fatal error:  Cannot declare trait App\Enums\EnumToArray, because the name is already in use in /home/v9dpxaww9e85/public_html/app/Enums/ThemePreference.php on line 8
[15-Feb-2026 23:27:09 UTC] PHP Fatal error:  Cannot declare trait App\Enums\EnumToArray, because the name is already in use in /home/v9dpxaww9e85/public_html/app/Enums/ThemePreference.php on line 8
[15-Feb-2026 23:27:12 UTC] PHP Fatal error:  Cannot declare trait App\Enums\EnumToArray, because the name is already in use in /home/v9dpxaww9e85/public_html/app/Enums/ThemePreference.php on line 8
[15-Feb-2026 23:28:05 UTC] PHP Fatal error:  Cannot declare trait App\Enums\EnumToArray, because the name is already in use in /home/v9dpxaww9e85/public_html/app/Enums/ThemePreference.php on line 8
[15-Feb-2026 23:29:41 UTC] PHP Fatal error:  Cannot declare trait App\Enums\EnumToArray, because the name is already in use in /home/v9dpxaww9e85/public_html/app/Enums/ThemePreference.php on line 8
[15-Feb-2026 23:29:55 UTC] PHP Fatal error:  Cannot declare trait App\Enums\EnumToArray, because the name is already in use in /home/v9dpxaww9e85/public_html/app/Enums/ThemePreference.php on line 8
[15-Feb-2026 23:29:58 UTC] PHP Fatal error:  Cannot declare trait App\Enums\EnumToArray, because the name is already in use in /home/v9dpxaww9e85/public_html/app/Enums/ThemePreference.php on line 8
[15-Feb-2026 23:31:02 UTC] PHP Fatal error:  Cannot declare trait App\Enums\EnumToArray, because the name is already in use in /home/v9dpxaww9e85/public_html/app/Enums/ThemePreference.php on line 8
[15-Feb-2026 23:32:34 UTC] PHP Fatal error:  Cannot declare trait App\Enums\EnumToArray, because the name is already in use in /home/v9dpxaww9e85/public_html/app/Enums/ThemePreference.php on line 8
[15-Feb-2026 23:33:25 UTC] PHP Fatal error:  Cannot declare trait App\Enums\EnumToArray, because the name is already in use in /home/v9dpxaww9e85/public_html/app/Enums/ThemePreference.php on line 8
[15-Feb-2026 23:33:54 UTC] PHP Fatal error:  Cannot declare trait App\Enums\EnumToArray, because the name is already in use in /home/v9dpxaww9e85/public_html/app/Enums/ThemePreference.php on line 8
[15-Feb-2026 23:34:08 UTC] PHP Fatal error:  Cannot declare trait App\Enums\EnumToArray, because the name is already in use in /home/v9dpxaww9e85/public_html/app/Enums/ThemePreference.php on line 8
[15-Feb-2026 23:34:15 UTC] PHP Fatal error:  Cannot declare trait App\Enums\EnumToArray, because the name is already in use in /home/v9dpxaww9e85/public_html/app/Enums/Gender.php on line 19
[15-Feb-2026 23:42:39 UTC] PHP Fatal error:  Cannot declare trait App\Enums\EnumToArray, because the name is already in use in /home/v9dpxaww9e85/public_html/app/Enums/ThemePreference.php on line 8
[15-Feb-2026 23:46:05 UTC] PHP Fatal error:  Cannot declare trait App\Enums\EnumToArray, because the name is already in use in /home/v9dpxaww9e85/public_html/app/Enums/ThemePreference.php on line 8
[15-Feb-2026 23:49:10 UTC] PHP Fatal error:  Cannot declare trait App\Enums\EnumToArray, because the name is already in use in /home/v9dpxaww9e85/public_html/app/Enums/ThemePreference.php on line 8
[15-Feb-2026 23:51:27 UTC] PHP Fatal error:  Cannot declare trait App\Enums\EnumToArray, because the name is already in use in /home/v9dpxaww9e85/public_html/app/Enums/ThemePreference.php on line 8
[15-Feb-2026 23:51:40 UTC] PHP Fatal error:  Cannot declare trait App\Enums\EnumToArray, because the name is already in use in /home/v9dpxaww9e85/public_html/app/Enums/ThemePreference.php on line 8
[15-Feb-2026 23:51:49 UTC] PHP Fatal error:  Cannot declare trait App\Enums\EnumToArray, because the name is already in use in /home/v9dpxaww9e85/public_html/app/Enums/ThemePreference.php on line 8
[16-Feb-2026 23:27:45 UTC] PHP Fatal error:  Cannot declare trait App\Enums\EnumToArray, because the name is already in use in /home/v9dpxaww9e85/public_html/app/Enums/ThemePreference.php on line 8
[16-Feb-2026 23:28:34 UTC] PHP Fatal error:  Cannot declare trait App\Enums\EnumToArray, because the name is already in use in /home/v9dpxaww9e85/public_html/app/Enums/ThemePreference.php on line 8
[16-Feb-2026 23:29:26 UTC] PHP Fatal error:  Cannot declare trait App\Enums\EnumToArray, because the name is already in use in /home/v9dpxaww9e85/public_html/app/Enums/ThemePreference.php on line 8
[16-Feb-2026 23:30:50 UTC] PHP Fatal error:  Cannot declare trait App\Enums\EnumToArray, because the name is already in use in /home/v9dpxaww9e85/public_html/app/Enums/ThemePreference.php on line 8
[16-Feb-2026 23:31:27 UTC] PHP Fatal error:  Cannot declare trait App\Enums\EnumToArray, because the name is already in use in /home/v9dpxaww9e85/public_html/app/Enums/ThemePreference.php on line 8
[16-Feb-2026 23:52:08 UTC] PHP Fatal error:  Cannot declare trait App\Enums\EnumToArray, because the name is already in use in /home/v9dpxaww9e85/public_html/app/Enums/Gender.php on line 12
